<?xml version="1.0" encoding="UTF-8"?>
<!-- Generated by org.testng.reporters.JUnitReportReporter -->
<testsuite skipped="0" hostname="DESKTOP-QNMGL77" name="com.training.sanity.tests.RETC_019_020_021_LoginNAddDeleteCategoryNTag" tests="4" failures="0" timestamp="2019-10-19T16:11:25 EDT" time="24.372" errors="0">
  <testcase name="validLoginTest" time="3.470" classname="com.training.sanity.tests.RETC_019_020_021_LoginNAddDeleteCategoryNTag"/>
  <testcase name="SelectDeleteCategory" time="10.756" classname="com.training.sanity.tests.RETC_019_020_021_LoginNAddDeleteCategoryNTag"/>
  <testcase name="SelectAddNewTags" time="3.623" classname="com.training.sanity.tests.RETC_019_020_021_LoginNAddDeleteCategoryNTag"/>
  <testcase name="TagDeletion" time="6.523" classname="com.training.sanity.tests.RETC_019_020_021_LoginNAddDeleteCategoryNTag"/>
</testsuite> <!-- com.training.sanity.tests.RETC_019_020_021_LoginNAddDeleteCategoryNTag -->
