<?xml version="1.0" encoding="UTF-8"?>
<!-- Generated by org.testng.reporters.JUnitReportReporter -->
<testsuite skipped="0" hostname="DESKTOP-QNMGL77" name="com.training.regression.tests.LoginDBTest" tests="2" failures="0" timestamp="2019-10-21T00:47:11 EDT" time="37.798" errors="0">
  <testcase name="loginDBTest" time="17.656" classname="com.training.regression.tests.LoginDBTest"/>
  <testcase name="loginDBTest" time="20.142" classname="com.training.regression.tests.LoginDBTest"/>
</testsuite> <!-- com.training.regression.tests.LoginDBTest -->
