<?xml version="1.0" encoding="UTF-8"?>
<!-- Generated by org.testng.reporters.JUnitReportReporter -->
<testsuite skipped="0" hostname="DESKTOP-QNMGL77" name="com.training.sanity.tests.RETC_080_AddProperty" tests="2" failures="0" timestamp="2019-10-21T03:02:19 EDT" time="59.964" errors="0">
  <testcase name="validLoginTest" time="5.861" classname="com.training.sanity.tests.RETC_080_AddProperty"/>
  <testcase name="addProperty" time="54.103" classname="com.training.sanity.tests.RETC_080_AddProperty"/>
</testsuite> <!-- com.training.sanity.tests.RETC_080_AddProperty -->
