<?xml version="1.0" encoding="UTF-8"?>
<!-- Generated by org.testng.reporters.JUnitReportReporter -->
<testsuite skipped="0" hostname="DESKTOP-QNMGL77" name="com.training.sanity.tests.RETC_021_DeleteTag" tests="3" failures="0" timestamp="2019-10-19T16:03:59 EDT" time="16.071" errors="0">
  <testcase name="validLoginTest" time="6.563" classname="com.training.sanity.tests.RETC_021_DeleteTag"/>
  <testcase name="SelectAddNewTags" time="3.684" classname="com.training.sanity.tests.RETC_021_DeleteTag"/>
  <testcase name="TagDeletion" time="5.824" classname="com.training.sanity.tests.RETC_021_DeleteTag"/>
</testsuite> <!-- com.training.sanity.tests.RETC_021_DeleteTag -->
