<?xml version="1.0" encoding="UTF-8"?>
<!-- Generated by org.testng.reporters.JUnitReportReporter -->
<testsuite skipped="0" hostname="DESKTOP-QNMGL77" name="com.training.sanity.tests.RETC_051_BlogPost" tests="2" failures="0" timestamp="2019-10-20T20:27:01 EDT" time="34.476" errors="0">
  <testcase name="BlogPostReply" time="24.470" classname="com.training.sanity.tests.RETC_051_BlogPost"/>
  <testcase name="validLoginTest" time="10.006" classname="com.training.sanity.tests.RETC_051_BlogPost"/>
</testsuite> <!-- com.training.sanity.tests.RETC_051_BlogPost -->
