<?xml version="1.0" encoding="UTF-8"?>
<!-- Generated by org.testng.reporters.JUnitReportReporter -->
<testsuite skipped="0" hostname="DESKTOP-QNMGL77" name="com.training.sanity.tests.RETC_080_AddProperty" tests="2" failures="0" timestamp="2019-10-15T18:06:53 EDT" time="56.646" errors="0">
  <testcase name="validLoginTest" time="5.635" classname="com.training.sanity.tests.RETC_080_AddProperty"/>
  <testcase name="addProperty" time="51.011" classname="com.training.sanity.tests.RETC_080_AddProperty"/>
</testsuite> <!-- com.training.sanity.tests.RETC_080_AddProperty -->
