<?xml version="1.0" encoding="UTF-8"?>
<!-- Generated by org.testng.reporters.JUnitReportReporter -->
<testsuite skipped="0" hostname="DESKTOP-QNMGL77" name="com.training.sanity.tests.RETC_050_RestoreProperty" tests="2" failures="0" timestamp="2019-10-20T03:18:55 EDT" time="19.952" errors="0">
  <testcase name="validLoginTest" time="5.401" classname="com.training.sanity.tests.RETC_050_RestoreProperty"/>
  <testcase name="RestorePropertyTrash" time="14.551" classname="com.training.sanity.tests.RETC_050_RestoreProperty"/>
</testsuite> <!-- com.training.sanity.tests.RETC_050_RestoreProperty -->
