<?xml version="1.0" encoding="UTF-8"?>
<!-- Generated by org.testng.reporters.JUnitReportReporter -->
<testsuite skipped="0" hostname="DESKTOP-QNMGL77" name="com.training.sanity.tests.RETC_049_DeleteProperty" tests="2" failures="0" timestamp="2019-10-19T17:00:17 EDT" time="21.270" errors="0">
  <testcase name="validLoginTest" time="7.231" classname="com.training.sanity.tests.RETC_049_DeleteProperty"/>
  <testcase name="DeletePropertyTrash" time="14.039" classname="com.training.sanity.tests.RETC_049_DeleteProperty"/>
</testsuite> <!-- com.training.sanity.tests.RETC_049_DeleteProperty -->
