<?xml version="1.0" encoding="UTF-8"?>
<!-- Generated by org.testng.reporters.JUnitReportReporter -->
<testsuite skipped="0" hostname="DESKTOP-QNMGL77" name="com.training.sanity.tests.RETC_020_AddNewTag" tests="2" failures="0" timestamp="2019-10-15T21:06:03 EDT" time="8.209" errors="0">
  <testcase name="validLoginTest" time="5.369" classname="com.training.sanity.tests.RETC_020_AddNewTag"/>
  <testcase name="SelectAddNewTags" time="2.840" classname="com.training.sanity.tests.RETC_020_AddNewTag"/>
</testsuite> <!-- com.training.sanity.tests.RETC_020_AddNewTag -->
