<?xml version="1.0" encoding="UTF-8"?>
<!-- Generated by org.testng.reporters.JUnitReportReporter -->
<testsuite skipped="0" hostname="DESKTOP-QNMGL77" name="com.training.sanity.tests.RETC_020_AddNewTag" tests="2" failures="0" timestamp="2019-10-19T14:39:59 EDT" time="9.370" errors="0">
  <testcase name="validLoginTest" time="5.583" classname="com.training.sanity.tests.RETC_020_AddNewTag"/>
  <testcase name="SelectAddNewTags" time="3.787" classname="com.training.sanity.tests.RETC_020_AddNewTag"/>
</testsuite> <!-- com.training.sanity.tests.RETC_020_AddNewTag -->
