<?xml version="1.0" encoding="UTF-8"?>
<!-- Generated by org.testng.reporters.JUnitReportReporter -->
<testsuite skipped="0" hostname="DESKTOP-QNMGL77" name="com.training.sanity.tests.RETC_019_DeleteCategory" tests="2" failures="0" timestamp="2019-10-19T16:13:52 EDT" time="20.195" errors="0">
  <testcase name="validLoginTest" time="5.859" classname="com.training.sanity.tests.RETC_019_DeleteCategory"/>
  <testcase name="SelectDeleteCategory" time="14.336" classname="com.training.sanity.tests.RETC_019_DeleteCategory"/>
</testsuite> <!-- com.training.sanity.tests.RETC_019_DeleteCategory -->
