<?xml version="1.0" encoding="UTF-8"?>
<!-- Generated by org.testng.reporters.JUnitReportReporter -->
<testsuite skipped="0" hostname="DESKTOP-QNMGL77" name="com.training.sanity.tests.RETC_079_081_AddFeatures" tests="2" failures="0" timestamp="2019-10-21T02:30:19 EDT" time="12.208" errors="0">
  <testcase name="adminLogin" time="4.081" classname="com.training.sanity.tests.RETC_079_081_AddFeatures"/>
  <testcase name="addFeatureTest" time="8.127" classname="com.training.sanity.tests.RETC_079_081_AddFeatures"/>
</testsuite> <!-- com.training.sanity.tests.RETC_079_081_AddFeatures -->
